<?xml version="1.0" encoding="UTF-8"?>
<!-- Generated by org.testng.reporters.JUnitReportReporter -->
<testsuite skipped="0" hostname="DESKTOP-7MR7K0D" name="module3.AdvanceAutomation.TestNG.Test5" tests="3" failures="0" timestamp="2023-12-10T12:51:37 IST" time="0.019" errors="0">
  <testcase name="ticketBooking" time="0.005" classname="module3.AdvanceAutomation.TestNG.Test5"/>
  <testcase name="ticketBooking" time="0.003" classname="module3.AdvanceAutomation.TestNG.Test5"/>
  <testcase name="ticketBooking" time="0.011" classname="module3.AdvanceAutomation.TestNG.Test5"/>
</testsuite> <!-- module3.AdvanceAutomation.TestNG.Test5 -->
