<?xml version="1.0" encoding="UTF-8"?>
<!-- Generated by org.testng.reporters.JUnitReportReporter -->
<testsuite skipped="0" hostname="DESKTOP-7MR7K0D" name="module3.AdvanceAutomation.TestNG.Test1" tests="3" failures="0" timestamp="2023-12-06T06:30:09 IST" time="0.024" errors="0">
  <testcase name="createTestNG1" time="0.003" classname="module3.AdvanceAutomation.TestNG.Test1"/>
  <testcase name="deleteTestNG1" time="0.003" classname="module3.AdvanceAutomation.TestNG.Test1"/>
  <testcase name="updateTestNG1" time="0.018" classname="module3.AdvanceAutomation.TestNG.Test1"/>
</testsuite> <!-- module3.AdvanceAutomation.TestNG.Test1 -->
