<?xml version="1.0" encoding="UTF-8"?>
<!-- Generated by org.testng.reporters.JUnitReportReporter -->
<testsuite skipped="0" hostname="DESKTOP-7MR7K0D" name="module3.AdvanceAutomation.TestNG.Test4" tests="6" failures="0" timestamp="2023-12-06T07:29:18 IST" time="0.053" errors="0">
  <testcase name="customerPortal_TC003" time="0.007" classname="module3.AdvanceAutomation.TestNG.Test4"/>
  <testcase name="customerPortal_TC002" time="0.003" classname="module3.AdvanceAutomation.TestNG.Test4"/>
  <testcase name="customerPortal_TC002" time="0.005" classname="module3.AdvanceAutomation.TestNG.Test4"/>
  <testcase name="customerPortal_TC003" time="0.005" classname="module3.AdvanceAutomation.TestNG.Test4"/>
  <testcase name="customerPortal_TC001" time="0.026" classname="module3.AdvanceAutomation.TestNG.Test4"/>
  <testcase name="customerPortal_TC002" time="0.007" classname="module3.AdvanceAutomation.TestNG.Test4"/>
</testsuite> <!-- module3.AdvanceAutomation.TestNG.Test4 -->
