<?xml version="1.0" encoding="UTF-8"?>
<!-- Generated by org.testng.reporters.JUnitReportReporter -->
<testsuite skipped="0" hostname="DESKTOP-7MR7K0D" name="module3.AdvanceAutomation.TestNG.CustomerPortal" tests="3" failures="0" timestamp="2023-12-06T06:30:09 IST" time="0.030" errors="0">
  <testcase name="customerPortal_TC002" time="0.004" classname="module3.AdvanceAutomation.TestNG.CustomerPortal"/>
  <testcase name="customerPoertal_TC001" time="0.024" classname="module3.AdvanceAutomation.TestNG.CustomerPortal"/>
  <testcase name="customerPortal_TC003" time="0.002" classname="module3.AdvanceAutomation.TestNG.CustomerPortal"/>
</testsuite> <!-- module3.AdvanceAutomation.TestNG.CustomerPortal -->
