<?xml version="1.0" encoding="UTF-8"?>
<!-- Generated by org.testng.reporters.JUnitReportReporter -->
<testsuite skipped="0" hostname="DESKTOP-7MR7K0D" name="com.CRM_Vtiger.ContactsModule.CreateContact" tests="3" failures="0" timestamp="2023-12-14T18:31:45 IST" time="267.304" errors="0">
  <testcase name="createContact_TC001" time="81.581" classname="com.CRM_Vtiger.ContactsModule.CreateContact"/>
  <testcase name="createContact_TC002" time="88.818" classname="com.CRM_Vtiger.ContactsModule.CreateContact"/>
  <testcase name="createContact_TC003" time="96.905" classname="com.CRM_Vtiger.ContactsModule.CreateContact"/>
</testsuite> <!-- com.CRM_Vtiger.ContactsModule.CreateContact -->
