<?xml version="1.0" encoding="UTF-8"?>
<!-- Generated by org.testng.reporters.JUnitReportReporter -->
<testsuite skipped="0" hostname="DESKTOP-7MR7K0D" name="module3.AdvanceAutomation.TestNG.Test3" tests="3" failures="0" timestamp="2023-12-06T07:26:05 IST" time="0.010" errors="0">
  <testcase name="customerPortal_TC001" time="0.002" classname="module3.AdvanceAutomation.TestNG.Test3"/>
  <testcase name="customerPortal_TC002" time="0.005" classname="module3.AdvanceAutomation.TestNG.Test3"/>
  <testcase name="customerPortal_TC003" time="0.003" classname="module3.AdvanceAutomation.TestNG.Test3"/>
</testsuite> <!-- module3.AdvanceAutomation.TestNG.Test3 -->
