<?xml version="1.0" encoding="UTF-8"?>
<!-- Generated by org.testng.reporters.JUnitReportReporter -->
<testsuite skipped="0" hostname="DESKTOP-7MR7K0D" name="module3.AdvanceAutomation.TestNG.Sample2" tests="3" failures="0" timestamp="2023-12-06T06:45:36 IST" time="0.040" errors="0">
  <testcase name="deleteTestNG1" time="0.025" classname="module3.AdvanceAutomation.TestNG.Sample2"/>
  <testcase name="updateTestNG1" time="0.007" classname="module3.AdvanceAutomation.TestNG.Sample2"/>
  <testcase name="createTestNG1" time="0.008" classname="module3.AdvanceAutomation.TestNG.Sample2"/>
</testsuite> <!-- module3.AdvanceAutomation.TestNG.Sample2 -->
