<?xml version="1.0" encoding="UTF-8"?>
<!-- Generated by org.testng.reporters.JUnitReportReporter -->
<testsuite skipped="0" hostname="DESKTOP-7MR7K0D" name="module3.AdvanceAutomation.TestNG.Students" tests="2" failures="0" timestamp="2023-12-10T12:51:37 IST" time="0.027" errors="0">
  <testcase name="printStudentsData" time="0.023" classname="module3.AdvanceAutomation.TestNG.Students"/>
  <testcase name="printStudentsData" time="0.004" classname="module3.AdvanceAutomation.TestNG.Students"/>
</testsuite> <!-- module3.AdvanceAutomation.TestNG.Students -->
