<?xml version="1.0" encoding="UTF-8"?>
<!-- Generated by org.testng.reporters.JUnitReportReporter -->
<testsuite skipped="0" hostname="DESKTOP-7MR7K0D" name="module3.AdvanceAutomation.TestNG.Test6" tests="5" failures="0" timestamp="2023-12-07T08:57:53 IST" time="0.051" errors="0">
  <testcase name="runningTest1" time="0.006" classname="module3.AdvanceAutomation.TestNG.Test6"/>
  <testcase name="runningTest1" time="0.018" classname="module3.AdvanceAutomation.TestNG.Test6"/>
  <testcase name="runningTest2" time="0.016" classname="module3.AdvanceAutomation.TestNG.Test6"/>
  <testcase name="runningTest2" time="0.005" classname="module3.AdvanceAutomation.TestNG.Test6"/>
  <testcase name="runningTest2" time="0.006" classname="module3.AdvanceAutomation.TestNG.Test6"/>
</testsuite> <!-- module3.AdvanceAutomation.TestNG.Test6 -->
