<?xml version="1.0" encoding="UTF-8"?>
<!-- Generated by org.testng.reporters.JUnitReportReporter -->
<testsuite skipped="0" hostname="DESKTOP-7MR7K0D" name="module3.AdvanceAutomation.TestNG.Test2" tests="3" failures="0" timestamp="2023-12-06T06:45:36 IST" time="0.009" errors="0">
  <testcase name="createTestNG1" time="0.004" classname="module3.AdvanceAutomation.TestNG.Test2"/>
  <testcase name="updateTestNG1" time="0.002" classname="module3.AdvanceAutomation.TestNG.Test2"/>
  <testcase name="deleteTestNG1" time="0.003" classname="module3.AdvanceAutomation.TestNG.Test2"/>
</testsuite> <!-- module3.AdvanceAutomation.TestNG.Test2 -->
